# JRE version: Java(TM) SE Runtime Environment (8.0_131-b11) (build 1.8.0_131-b11)
# Java VM: Java HotSpot(TM) 64-Bit Server VM (25.131-b11 mixed mode windows-amd64 compressed oops)
Heap:
 PSYoungGen      total 38400K, used 496K [0x00000000d5a00000, 0x00000000da500000, 0x0000000100000000)
  eden space 33280K, 0% used [0x00000000d5a00000,0x00000000d5a00000,0x00000000d7a80000)
  from space 5120K, 9% used [0x00000000d7a80000,0x00000000d7afc030,0x00000000d7f80000)
  to   space 5120K, 0% used [0x00000000da000000,0x00000000da000000,0x00000000da500000)
 ParOldGen       total 1388544K, used 1191118K [0x0000000080e00000, 0x00000000d5a00000, 0x00000000d5a00000)
  object space 1388544K, 85% used [0x0000000080e00000,0x00000000c9933938,0x00000000d5a00000)
 Metaspace       used 3446K, capacity 4500K, committed 4864K, reserved 1056768K
  class space    used 383K, capacity 388K, committed 512K, reserved 1048576K
GC Heap History (7 events):
Event: 3.839 GC heap before
{Heap before GC invocations=1 (full 0):
 PSYoungGen      total 38400K, used 24168K [0x00000000d5a00000, 0x00000000d8480000, 0x0000000100000000)
  eden space 33280K, 72% used [0x00000000d5a00000,0x00000000d719a330,0x00000000d7a80000)
  from space 5120K, 0% used [0x00000000d7f80000,0x00000000d7f80000,0x00000000d8480000)
  to   space 5120K, 0% used [0x00000000d7a80000,0x00000000d7a80000,0x00000000d7f80000)
 ParOldGen       total 87552K, used 0K [0x0000000080e00000, 0x0000000086380000, 0x00000000d5a00000)
  object space 87552K, 0% used [0x0000000080e00000,0x0000000080e00000,0x0000000086380000)
 Metaspace       used 3446K, capacity 4500K, committed 4864K, reserved 1056768K
  class space    used 383K, capacity 388K, committed 512K, reserved 1048576K
Event: 3.852 GC heap after
Heap after GC invocations=1 (full 0):
 PSYoungGen      total 38400K, used 512K [0x00000000d5a00000, 0x00000000d8480000, 0x0000000100000000)
  eden space 33280K, 0% used [0x00000000d5a00000,0x00000000d5a00000,0x00000000d7a80000)
  from space 5120K, 10% used [0x00000000d7a80000,0x00000000d7b00000,0x00000000d7f80000)
  to   space 5120K, 0% used [0x00000000d7f80000,0x00000000d7f80000,0x00000000d8480000)
 ParOldGen       total 87552K, used 7122K [0x0000000080e00000, 0x0000000086380000, 0x00000000d5a00000)
  object space 87552K, 8% used [0x0000000080e00000,0x00000000814f4808,0x0000000086380000)
 Metaspace       used 3446K, capacity 4500K, committed 4864K, reserved 1056768K
  class space    used 383K, capacity 388K, committed 512K, reserved 1048576K
}
Event: 6.150 GC heap before
{Heap before GC invocations=2 (full 0):
 PSYoungGen      total 38400K, used 27857K [0x00000000d5a00000, 0x00000000d8480000, 0x0000000100000000)
  eden space 33280K, 82% used [0x00000000d5a00000,0x00000000d74b4518,0x00000000d7a80000)
  from space 5120K, 10% used [0x00000000d7a80000,0x00000000d7b00000,0x00000000d7f80000)
  to   space 5120K, 0% used [0x00000000d7f80000,0x00000000d7f80000,0x00000000d8480000)
 ParOldGen       total 1388544K, used 1191118K [0x0000000080e00000, 0x00000000d5a00000, 0x00000000d5a00000)
  object space 1388544K, 85% used [0x0000000080e00000,0x00000000c9933938,0x00000000d5a00000)
 Metaspace       used 3446K, capacity 4500K, committed 4864K, reserved 1056768K
  class space    used 383K, capacity 388K, committed 512K, reserved 1048576K
Event: 7.433 GC heap after
Heap after GC invocations=2 (full 0):
 PSYoungGen      total 38400K, used 528K [0x00000000d5a00000, 0x00000000da500000, 0x0000000100000000)
  eden space 33280K, 0% used [0x00000000d5a00000,0x00000000d5a00000,0x00000000d7a80000)
  from space 5120K, 10% used [0x00000000d7f80000,0x00000000d8004030,0x00000000d8480000)
  to   space 5120K, 0% used [0x00000000d7a80000,0x00000000d7a80000,0x00000000d7f80000)
 ParOldGen       total 1388544K, used 1191118K [0x0000000080e00000, 0x00000000d5a00000, 0x00000000d5a00000)
  object space 1388544K, 85% used [0x0000000080e00000,0x00000000c9933938,0x00000000d5a00000)
 Metaspace       used 3446K, capacity 4500K, committed 4864K, reserved 1056768K
  class space    used 383K, capacity 388K, committed 512K, reserved 1048576K
}
Event: 7.433 GC heap before
{Heap before GC invocations=3 (full 0):
 PSYoungGen      total 38400K, used 528K [0x00000000d5a00000, 0x00000000da500000, 0x0000000100000000)
  eden space 33280K, 0% used [0x00000000d5a00000,0x00000000d5a00000,0x00000000d7a80000)
  from space 5120K, 10% used [0x00000000d7f80000,0x00000000d8004030,0x00000000d8480000)
  to   space 5120K, 0% used [0x00000000d7a80000,0x00000000d7a80000,0x00000000d7f80000)
 ParOldGen       total 1388544K, used 1191118K [0x0000000080e00000, 0x00000000d5a00000, 0x00000000d5a00000)
  object space 1388544K, 85% used [0x0000000080e00000,0x00000000c9933938,0x00000000d5a00000)
 Metaspace       used 3446K, capacity 4500K, committed 4864K, reserved 1056768K
  class space    used 383K, capacity 388K, committed 512K, reserved 1048576K
Event: 8.722 GC heap after
Heap after GC invocations=3 (full 0):
 PSYoungGen      total 38400K, used 496K [0x00000000d5a00000, 0x00000000da500000, 0x0000000100000000)
  eden space 33280K, 0% used [0x00000000d5a00000,0x00000000d5a00000,0x00000000d7a80000)
  from space 5120K, 9% used [0x00000000d7a80000,0x00000000d7afc030,0x00000000d7f80000)
  to   space 5120K, 0% used [0x00000000da000000,0x00000000da000000,0x00000000da500000)
 ParOldGen       total 1388544K, used 1191118K [0x0000000080e00000, 0x00000000d5a00000, 0x00000000d5a00000)
  object space 1388544K, 85% used [0x0000000080e00000,0x00000000c9933938,0x00000000d5a00000)
 Metaspace       used 3446K, capacity 4500K, committed 4864K, reserved 1056768K
  class space    used 383K, capacity 388K, committed 512K, reserved 1048576K
}
Event: 8.722 GC heap before
{Heap before GC invocations=4 (full 1):
 PSYoungGen      total 38400K, used 496K [0x00000000d5a00000, 0x00000000da500000, 0x0000000100000000)
  eden space 33280K, 0% used [0x00000000d5a00000,0x00000000d5a00000,0x00000000d7a80000)
  from space 5120K, 9% used [0x00000000d7a80000,0x00000000d7afc030,0x00000000d7f80000)
  to   space 5120K, 0% used [0x00000000da000000,0x00000000da000000,0x00000000da500000)
 ParOldGen       total 1388544K, used 1191118K [0x0000000080e00000, 0x00000000d5a00000, 0x00000000d5a00000)
  object space 1388544K, 85% used [0x0000000080e00000,0x00000000c9933938,0x00000000d5a00000)
 Metaspace       used 3446K, capacity 4500K, committed 4864K, reserved 1056768K
  class space    used 383K, capacity 388K, committed 512K, reserved 1048576K

